This file contains any messages produced by compilers while
running configure, to aid debugging if configure makes a mistake.

It was created by viewspe configure 0.1, which was
generated by GNU Autoconf 2.68.  Invocation command line was

  $ ./configure PKG_CONFIG_PATH=/usr/local/lib/pkgconfig --no-create --no-recursion

## --------- ##
## Platform. ##
## --------- ##

hostname = rihobook.local
uname -m = i386
uname -r = 9.8.0
uname -s = Darwin
uname -v = Darwin Kernel Version 9.8.0: Wed Jul 15 16:55:01 PDT 2009; root:xnu-1228.15.4~1/RELEASE_I386

/usr/bin/uname -p = i386
/bin/uname -X     = unknown

/bin/arch              = unknown
/usr/bin/arch -k       = unknown
/usr/convex/getsysinfo = unknown
/usr/bin/hostinfo      = Mach kernel version:
	 Darwin Kernel Version 9.8.0: Wed Jul 15 16:55:01 PDT 2009; root:xnu-1228.15.4~1/RELEASE_I386
Kernel configured for up to 2 processors.
2 processors are physically available.
2 processors are logically available.
Processor type: i486 (Intel 80486)
Processors active: 0 1
Primary memory available: 2.00 gigabytes
Default processor set: 143 tasks, 667 threads, 2 processors
Load average: 1.40, Mach factor: 0.89
/bin/machine           = unknown
/usr/bin/oslevel       = unknown
/bin/universe          = unknown

PATH: /Applications/microchip/mplabc32/v2.00/bin
PATH: /Applications/microchip/mplabc30/v3.30b/bin
PATH: /Applications/Absoft/bin
PATH: /Applications/microchip/mplabc32/v2.00/bin
PATH: /Applications/microchip/mplabc30/v3.30b/bin
PATH: /sw/bin
PATH: /sw/sbin
PATH: /usr/bin
PATH: /bin
PATH: /usr/sbin
PATH: /sbin
PATH: /usr/local/bin
PATH: /usr/X11/bin
PATH: /usr/X11R6/bin
PATH: /sw/bin
PATH: /usr/local/bin
PATH: /Users/motohisa/bin
PATH: /Developer/sdcc/bin


## ----------- ##
## Core tests. ##
## ----------- ##

configure:2119: checking for a BSD-compatible install
configure:2187: result: /usr/bin/install -c
configure:2198: checking whether build environment is sane
configure:2248: result: yes
configure:2389: checking for a thread-safe mkdir -p
configure:2428: result: ./install-sh -c -d
configure:2441: checking for gawk
configure:2457: found /sw/bin/gawk
configure:2468: result: gawk
configure:2479: checking whether make sets $(MAKE)
configure:2501: result: yes
configure:2634: checking for gcc
configure:2650: found /usr/bin/gcc
configure:2661: result: gcc
configure:2890: checking for C compiler version
configure:2899: gcc --version >&5
i686-apple-darwin9-gcc-4.0.1 (GCC) 4.0.1 (Apple Inc. build 5493)
Copyright (C) 2005 Free Software Foundation, Inc.
This is free software; see the source for copying conditions.  There is NO
warranty; not even for MERCHANTABILITY or FITNESS FOR A PARTICULAR PURPOSE.

configure:2910: $? = 0
configure:2899: gcc -v >&5
Using built-in specs.
Target: i686-apple-darwin9
Configured with: /var/tmp/gcc/gcc-5493~1/src/configure --disable-checking -enable-werror --prefix=/usr --mandir=/share/man --enable-languages=c,objc,c++,obj-c++ --program-transform-name=/^[cg][^.-]*$/s/$/-4.0/ --with-gxx-include-dir=/include/c++/4.0.0 --with-slibdir=/usr/lib --build=i686-apple-darwin9 --with-arch=apple --with-tune=generic --host=i686-apple-darwin9 --target=i686-apple-darwin9
Thread model: posix
gcc version 4.0.1 (Apple Inc. build 5493)
configure:2910: $? = 0
configure:2899: gcc -V >&5
gcc-4.0: argument to `-V' is missing
configure:2910: $? = 1
configure:2899: gcc -qversion >&5
i686-apple-darwin9-gcc-4.0.1: no input files
configure:2910: $? = 1
configure:2930: checking whether the C compiler works
configure:2952: gcc    conftest.c  >&5
configure:2956: $? = 0
configure:3004: result: yes
configure:3007: checking for C compiler default output file name
configure:3009: result: a.out
configure:3015: checking for suffix of executables
configure:3022: gcc -o conftest    conftest.c  >&5
configure:3026: $? = 0
configure:3048: result: 
configure:3070: checking whether we are cross compiling
configure:3078: gcc -o conftest    conftest.c  >&5
configure:3082: $? = 0
configure:3089: ./conftest
configure:3093: $? = 0
configure:3108: result: no
configure:3113: checking for suffix of object files
configure:3135: gcc -c   conftest.c >&5
configure:3139: $? = 0
configure:3160: result: o
configure:3164: checking whether we are using the GNU C compiler
configure:3183: gcc -c   conftest.c >&5
configure:3183: $? = 0
configure:3192: result: yes
configure:3201: checking whether gcc accepts -g
configure:3221: gcc -c -g  conftest.c >&5
configure:3221: $? = 0
configure:3262: result: yes
configure:3279: checking for gcc option to accept ISO C89
configure:3343: gcc  -c -g -O2  conftest.c >&5
configure:3343: $? = 0
configure:3356: result: none needed
configure:3387: checking for style of include used by make
configure:3415: result: GNU
configure:3440: checking dependency style of gcc
configure:3550: result: gcc3
configure:3575: checking how to run the C preprocessor
configure:3606: gcc -E  conftest.c
configure:3606: $? = 0
configure:3620: gcc -E  conftest.c
conftest.c:11:28: error: ac_nonexistent.h: No such file or directory
configure:3620: $? = 1
configure: failed program was:
| /* confdefs.h */
| #define PACKAGE_NAME "viewspe"
| #define PACKAGE_TARNAME "viewspe"
| #define PACKAGE_VERSION "0.1"
| #define PACKAGE_STRING "viewspe 0.1"
| #define PACKAGE_BUGREPORT "motohisa@ist.hokudai.ac.jp"
| #define PACKAGE_URL ""
| #define PACKAGE "viewspe"
| #define VERSION "0.1"
| /* end confdefs.h.  */
| #include <ac_nonexistent.h>
configure:3645: result: gcc -E
configure:3665: gcc -E  conftest.c
configure:3665: $? = 0
configure:3679: gcc -E  conftest.c
conftest.c:11:28: error: ac_nonexistent.h: No such file or directory
configure:3679: $? = 1
configure: failed program was:
| /* confdefs.h */
| #define PACKAGE_NAME "viewspe"
| #define PACKAGE_TARNAME "viewspe"
| #define PACKAGE_VERSION "0.1"
| #define PACKAGE_STRING "viewspe 0.1"
| #define PACKAGE_BUGREPORT "motohisa@ist.hokudai.ac.jp"
| #define PACKAGE_URL ""
| #define PACKAGE "viewspe"
| #define VERSION "0.1"
| /* end confdefs.h.  */
| #include <ac_nonexistent.h>
configure:3708: checking for grep that handles long lines and -e
configure:3766: result: /usr/bin/grep
configure:3771: checking for egrep
configure:3833: result: /usr/bin/grep -E
configure:3838: checking for ANSI C header files
configure:3858: gcc -c -g -O2  conftest.c >&5
configure:3858: $? = 0
configure:3931: gcc -o conftest -g -O2   conftest.c  >&5
configure:3931: $? = 0
configure:3931: ./conftest
configure:3931: $? = 0
configure:3942: result: yes
configure:3955: checking for sys/types.h
configure:3955: gcc -c -g -O2  conftest.c >&5
configure:3955: $? = 0
configure:3955: result: yes
configure:3955: checking for sys/stat.h
configure:3955: gcc -c -g -O2  conftest.c >&5
configure:3955: $? = 0
configure:3955: result: yes
configure:3955: checking for stdlib.h
configure:3955: gcc -c -g -O2  conftest.c >&5
configure:3955: $? = 0
configure:3955: result: yes
configure:3955: checking for string.h
configure:3955: gcc -c -g -O2  conftest.c >&5
configure:3955: $? = 0
configure:3955: result: yes
configure:3955: checking for memory.h
configure:3955: gcc -c -g -O2  conftest.c >&5
configure:3955: $? = 0
configure:3955: result: yes
configure:3955: checking for strings.h
configure:3955: gcc -c -g -O2  conftest.c >&5
configure:3955: $? = 0
configure:3955: result: yes
configure:3955: checking for inttypes.h
configure:3955: gcc -c -g -O2  conftest.c >&5
configure:3955: $? = 0
configure:3955: result: yes
configure:3955: checking for stdint.h
configure:3955: gcc -c -g -O2  conftest.c >&5
configure:3955: $? = 0
configure:3955: result: yes
configure:3955: checking for unistd.h
configure:3955: gcc -c -g -O2  conftest.c >&5
configure:3955: $? = 0
configure:3955: result: yes
configure:3970: checking for stdlib.h
configure:3970: result: yes
configure:3970: checking for unistd.h
configure:3970: result: yes
configure:3982: checking for size_t
configure:3982: gcc -c -g -O2  conftest.c >&5
configure:3982: $? = 0
configure:3982: gcc -c -g -O2  conftest.c >&5
conftest.c: In function 'main':
conftest.c:59: error: syntax error before ')' token
configure:3982: $? = 1
configure: failed program was:
| /* confdefs.h */
| #define PACKAGE_NAME "viewspe"
| #define PACKAGE_TARNAME "viewspe"
| #define PACKAGE_VERSION "0.1"
| #define PACKAGE_STRING "viewspe 0.1"
| #define PACKAGE_BUGREPORT "motohisa@ist.hokudai.ac.jp"
| #define PACKAGE_URL ""
| #define PACKAGE "viewspe"
| #define VERSION "0.1"
| #define STDC_HEADERS 1
| #define HAVE_SYS_TYPES_H 1
| #define HAVE_SYS_STAT_H 1
| #define HAVE_STDLIB_H 1
| #define HAVE_STRING_H 1
| #define HAVE_MEMORY_H 1
| #define HAVE_STRINGS_H 1
| #define HAVE_INTTYPES_H 1
| #define HAVE_STDINT_H 1
| #define HAVE_UNISTD_H 1
| #define HAVE_STDLIB_H 1
| #define HAVE_UNISTD_H 1
| /* end confdefs.h.  */
| #include <stdio.h>
| #ifdef HAVE_SYS_TYPES_H
| # include <sys/types.h>
| #endif
| #ifdef HAVE_SYS_STAT_H
| # include <sys/stat.h>
| #endif
| #ifdef STDC_HEADERS
| # include <stdlib.h>
| # include <stddef.h>
| #else
| # ifdef HAVE_STDLIB_H
| #  include <stdlib.h>
| # endif
| #endif
| #ifdef HAVE_STRING_H
| # if !defined STDC_HEADERS && defined HAVE_MEMORY_H
| #  include <memory.h>
| # endif
| # include <string.h>
| #endif
| #ifdef HAVE_STRINGS_H
| # include <strings.h>
| #endif
| #ifdef HAVE_INTTYPES_H
| # include <inttypes.h>
| #endif
| #ifdef HAVE_STDINT_H
| # include <stdint.h>
| #endif
| #ifdef HAVE_UNISTD_H
| # include <unistd.h>
| #endif
| int
| main ()
| {
| if (sizeof ((size_t)))
| 	    return 0;
|   ;
|   return 0;
| }
configure:3982: result: yes
configure:3997: checking for stdlib.h
configure:3997: result: yes
configure:4007: checking for GNU libc compatible malloc
configure:4031: gcc -o conftest -g -O2   conftest.c  >&5
configure:4031: $? = 0
configure:4031: ./conftest
configure:4031: $? = 0
configure:4041: result: yes
configure:4067: checking for pkg-config
configure:4085: found /sw/bin/pkg-config
configure:4098: result: /sw/bin/pkg-config
configure:4220: checking pkg-config is at least version 0.9.0
configure:4223: result: yes
configure:4233: checking for PLPLOT
configure:4240: $PKG_CONFIG --exists --print-errors "plplotd"
configure:4243: $? = 0
configure:4256: $PKG_CONFIG --exists --print-errors "plplotd"
configure:4259: $? = 0
configure:4316: result: yes
configure:4469: creating ./config.status

## ---------------- ##
## Cache variables. ##
## ---------------- ##

ac_cv_c_compiler_gnu=yes
ac_cv_env_CC_set=
ac_cv_env_CC_value=
ac_cv_env_CFLAGS_set=
ac_cv_env_CFLAGS_value=
ac_cv_env_CPPFLAGS_set=
ac_cv_env_CPPFLAGS_value=
ac_cv_env_CPP_set=
ac_cv_env_CPP_value=
ac_cv_env_LDFLAGS_set=
ac_cv_env_LDFLAGS_value=
ac_cv_env_LIBS_set=
ac_cv_env_LIBS_value=
ac_cv_env_PKG_CONFIG_LIBDIR_set=
ac_cv_env_PKG_CONFIG_LIBDIR_value=
ac_cv_env_PKG_CONFIG_PATH_set=set
ac_cv_env_PKG_CONFIG_PATH_value=/usr/local/lib/pkgconfig
ac_cv_env_PKG_CONFIG_set=
ac_cv_env_PKG_CONFIG_value=
ac_cv_env_PLPLOT_CFLAGS_set=
ac_cv_env_PLPLOT_CFLAGS_value=
ac_cv_env_PLPLOT_LIBS_set=
ac_cv_env_PLPLOT_LIBS_value=
ac_cv_env_build_alias_set=
ac_cv_env_build_alias_value=
ac_cv_env_host_alias_set=
ac_cv_env_host_alias_value=
ac_cv_env_target_alias_set=
ac_cv_env_target_alias_value=
ac_cv_func_malloc_0_nonnull=yes
ac_cv_header_inttypes_h=yes
ac_cv_header_memory_h=yes
ac_cv_header_stdc=yes
ac_cv_header_stdint_h=yes
ac_cv_header_stdlib_h=yes
ac_cv_header_string_h=yes
ac_cv_header_strings_h=yes
ac_cv_header_sys_stat_h=yes
ac_cv_header_sys_types_h=yes
ac_cv_header_unistd_h=yes
ac_cv_objext=o
ac_cv_path_EGREP='/usr/bin/grep -E'
ac_cv_path_GREP=/usr/bin/grep
ac_cv_path_INTLTOOL_PERL=/usr/bin/perl
ac_cv_path_PKG_CONFIG=/sw/bin/pkg-config
ac_cv_path_install='/usr/bin/install -c'
ac_cv_prog_AWK=gawk
ac_cv_prog_CPP='gcc -E'
ac_cv_prog_ac_ct_CC=gcc
ac_cv_prog_cc_c89=
ac_cv_prog_cc_g=yes
ac_cv_prog_make_make_set=yes
ac_cv_type_size_t=yes
am_cv_CC_dependencies_compiler_type=gcc3
pkg_cv_PLPLOT_CFLAGS='-I/sw/include/plplot  '
pkg_cv_PLPLOT_LIBS='-L/sw/lib/plplot -lplplotd'

## ----------------- ##
## Output variables. ##
## ----------------- ##

ACLOCAL='${SHELL} /Users/motohisa/Documents/programing/WinSpec/ViewSPE/missing --run aclocal-1.11'
AMDEPBACKSLASH='\'
AMDEP_FALSE='#'
AMDEP_TRUE=''
AMTAR='${SHELL} /Users/motohisa/Documents/programing/WinSpec/ViewSPE/missing --run tar'
AUTOCONF='${SHELL} /Users/motohisa/Documents/programing/WinSpec/ViewSPE/missing --run autoconf'
AUTOHEADER='${SHELL} /Users/motohisa/Documents/programing/WinSpec/ViewSPE/missing --run autoheader'
AUTOMAKE='${SHELL} /Users/motohisa/Documents/programing/WinSpec/ViewSPE/missing --run automake-1.11'
AWK='gawk'
CC='gcc'
CCDEPMODE='depmode=gcc3'
CFLAGS='-g -O2'
CPP='gcc -E'
CPPFLAGS=''
CYGPATH_W='echo'
DEFS='-DHAVE_CONFIG_H'
DEPDIR='.deps'
ECHO_C='\c'
ECHO_N=''
ECHO_T=''
EGREP='/usr/bin/grep -E'
EXEEXT=''
GREP='/usr/bin/grep'
INSTALL_DATA='${INSTALL} -m 644'
INSTALL_PROGRAM='${INSTALL}'
INSTALL_SCRIPT='${INSTALL}'
INSTALL_STRIP_PROGRAM='$(install_sh) -c -s'
LDFLAGS=''
LIBOBJS=''
LIBS=''
LTLIBOBJS=''
MAKEINFO='${SHELL} /Users/motohisa/Documents/programing/WinSpec/ViewSPE/missing --run makeinfo'
MKDIR_P='./install-sh -c -d'
OBJEXT='o'
PACKAGE='viewspe'
PACKAGE_BUGREPORT='motohisa@ist.hokudai.ac.jp'
PACKAGE_NAME='viewspe'
PACKAGE_STRING='viewspe 0.1'
PACKAGE_TARNAME='viewspe'
PACKAGE_URL=''
PACKAGE_VERSION='0.1'
PATH_SEPARATOR=':'
PKG_CONFIG='/sw/bin/pkg-config'
PKG_CONFIG_LIBDIR=''
PKG_CONFIG_PATH='/usr/local/lib/pkgconfig'
PLPLOT_CFLAGS='-I/sw/include/plplot  '
PLPLOT_LIBS='-L/sw/lib/plplot -lplplotd'
SET_MAKE=''
SHELL='/bin/sh'
STRIP=''
VERSION='0.1'
ac_ct_CC='gcc'
am__EXEEXT_FALSE=''
am__EXEEXT_TRUE='#'
am__fastdepCC_FALSE='#'
am__fastdepCC_TRUE=''
am__include='include'
am__isrc=''
am__leading_dot='.'
am__quote=''
am__tar='${AMTAR} chof - "$$tardir"'
am__untar='${AMTAR} xf -'
bindir='${exec_prefix}/bin'
build_alias=''
datadir='${datarootdir}'
datarootdir='${prefix}/share'
docdir='${datarootdir}/doc/${PACKAGE_TARNAME}'
dvidir='${docdir}'
exec_prefix='${prefix}'
host_alias=''
htmldir='${docdir}'
includedir='${prefix}/include'
infodir='${datarootdir}/info'
install_sh='${SHELL} /Users/motohisa/Documents/programing/WinSpec/ViewSPE/install-sh'
libdir='${exec_prefix}/lib'
libexecdir='${exec_prefix}/libexec'
localedir='${datarootdir}/locale'
localstatedir='${prefix}/var'
mandir='${datarootdir}/man'
mkdir_p='$(top_builddir)/./install-sh -c -d'
oldincludedir='/usr/include'
pdfdir='${docdir}'
prefix='/usr/local'
program_transform_name='s,x,x,'
psdir='${docdir}'
sbindir='${exec_prefix}/sbin'
sharedstatedir='${prefix}/com'
sysconfdir='${prefix}/etc'
target_alias=''

## ----------- ##
## confdefs.h. ##
## ----------- ##

/* confdefs.h */
#define PACKAGE_NAME "viewspe"
#define PACKAGE_TARNAME "viewspe"
#define PACKAGE_VERSION "0.1"
#define PACKAGE_STRING "viewspe 0.1"
#define PACKAGE_BUGREPORT "motohisa@ist.hokudai.ac.jp"
#define PACKAGE_URL ""
#define PACKAGE "viewspe"
#define VERSION "0.1"
#define STDC_HEADERS 1
#define HAVE_SYS_TYPES_H 1
#define HAVE_SYS_STAT_H 1
#define HAVE_STDLIB_H 1
#define HAVE_STRING_H 1
#define HAVE_MEMORY_H 1
#define HAVE_STRINGS_H 1
#define HAVE_INTTYPES_H 1
#define HAVE_STDINT_H 1
#define HAVE_UNISTD_H 1
#define HAVE_STDLIB_H 1
#define HAVE_UNISTD_H 1
#define HAVE_STDLIB_H 1
#define HAVE_MALLOC 1
#define HAS_PLPLOT 1

configure: exit 0

## ---------------------- ##
## Running config.status. ##
## ---------------------- ##

This file was extended by viewspe config.status 0.1, which was
generated by GNU Autoconf 2.68.  Invocation command line was

  CONFIG_FILES    = 
  CONFIG_HEADERS  = 
  CONFIG_LINKS    = 
  CONFIG_COMMANDS = 
  $ ./config.status 

on rihobook.local

config.status:869: creating Makefile
config.status:869: creating config.h
config.status:1050: config.h is unchanged
config.status:1098: executing depfiles commands

## ---------------------- ##
## Running config.status. ##
## ---------------------- ##

This file was extended by viewspe config.status 0.1, which was
generated by GNU Autoconf 2.68.  Invocation command line was

  CONFIG_FILES    = 
  CONFIG_HEADERS  = 
  CONFIG_LINKS    = 
  CONFIG_COMMANDS = 
  $ ./config.status config.h

on rihobook.local

config.status:869: creating config.h
config.status:1050: config.h is unchanged

## ---------------------- ##
## Running config.status. ##
## ---------------------- ##

This file was extended by viewspe config.status 0.1, which was
generated by GNU Autoconf 2.68.  Invocation command line was

  CONFIG_FILES    = 
  CONFIG_HEADERS  = 
  CONFIG_LINKS    = 
  CONFIG_COMMANDS = 
  $ ./config.status Makefile depfiles

on rihobook.local

config.status:869: creating Makefile
config.status:1098: executing depfiles commands
